# JRE version: OpenJDK Runtime Environment (11.0.13) (build 11.0.13+0-b1751.21-8125866)
# Java VM: OpenJDK 64-Bit Server VM (11.0.13+0-b1751.21-8125866, mixed mode, tiered, compressed oops, g1 gc, windows-amd64)
Heap:
 garbage-first heap   total 400384K, used 209745K [0x0000000080000000, 0x0000000100000000)
  region size 1024K, 72 young (73728K), 16 survivors (16384K)
 Metaspace       used 107232K, capacity 109832K, committed 109904K, reserved 1144832K
  class space    used 13249K, capacity 14276K, committed 14336K, reserved 1048576K
GC Heap History (20 events):
Event: 28.870 GC heap before
{Heap before GC invocations=46 (full 0):
 garbage-first heap   total 167936K, used 124010K [0x0000000080000000, 0x0000000100000000)
  region size 1024K, 59 young (60416K), 7 survivors (7168K)
 Metaspace       used 75978K, capacity 77603K, committed 77776K, reserved 1116160K
  class space    used 9702K, capacity 10356K, committed 10368K, reserved 1048576K
}
Event: 28.905 GC heap after
{Heap after GC invocations=47 (full 0):
 garbage-first heap   total 167936K, used 74205K [0x0000000080000000, 0x0000000100000000)
  region size 1024K, 7 young (7168K), 7 survivors (7168K)
 Metaspace       used 75978K, capacity 77603K, committed 77776K, reserved 1116160K
  class space    used 9702K, capacity 10356K, committed 10368K, reserved 1048576K
}
Event: 29.747 GC heap before
{Heap before GC invocations=47 (full 0):
 garbage-first heap   total 167936K, used 128477K [0x0000000080000000, 0x0000000100000000)
  region size 1024K, 60 young (61440K), 7 survivors (7168K)
 Metaspace       used 79207K, capacity 80985K, committed 81104K, reserved 1120256K
  class space    used 10148K, capacity 10824K, committed 10880K, reserved 1048576K
}
Event: 29.856 GC heap after
{Heap after GC invocations=48 (full 0):
 garbage-first heap   total 224256K, used 79176K [0x0000000080000000, 0x0000000100000000)
  region size 1024K, 8 young (8192K), 8 survivors (8192K)
 Metaspace       used 79207K, capacity 80985K, committed 81104K, reserved 1120256K
  class space    used 10148K, capacity 10824K, committed 10880K, reserved 1048576K
}
Event: 31.685 GC heap before
{Heap before GC invocations=48 (full 0):
 garbage-first heap   total 224256K, used 148808K [0x0000000080000000, 0x0000000100000000)
  region size 1024K, 76 young (77824K), 8 survivors (8192K)
 Metaspace       used 84306K, capacity 86272K, committed 86480K, reserved 1124352K
  class space    used 10829K, capacity 11583K, committed 11648K, reserved 1048576K
}
Event: 31.724 GC heap after
{Heap after GC invocations=49 (full 0):
 garbage-first heap   total 224256K, used 84313K [0x0000000080000000, 0x0000000100000000)
  region size 1024K, 10 young (10240K), 10 survivors (10240K)
 Metaspace       used 84306K, capacity 86272K, committed 86480K, reserved 1124352K
  class space    used 10829K, capacity 11583K, committed 11648K, reserved 1048576K
}
Event: 33.422 GC heap before
{Heap before GC invocations=49 (full 0):
 garbage-first heap   total 224256K, used 162137K [0x0000000080000000, 0x0000000100000000)
  region size 1024K, 87 young (89088K), 10 survivors (10240K)
 Metaspace       used 91374K, capacity 93357K, committed 93520K, reserved 1130496K
  class space    used 11694K, capacity 12471K, committed 12544K, reserved 1048576K
}
Event: 33.471 GC heap after
{Heap after GC invocations=50 (full 0):
 garbage-first heap   total 224256K, used 90985K [0x0000000080000000, 0x0000000100000000)
  region size 1024K, 11 young (11264K), 11 survivors (11264K)
 Metaspace       used 91374K, capacity 93357K, committed 93520K, reserved 1130496K
  class space    used 11694K, capacity 12471K, committed 12544K, reserved 1048576K
}
Event: 35.232 GC heap before
{Heap before GC invocations=50 (full 0):
 garbage-first heap   total 224256K, used 171881K [0x0000000080000000, 0x0000000100000000)
  region size 1024K, 90 young (92160K), 11 survivors (11264K)
 Metaspace       used 93532K, capacity 95706K, committed 95824K, reserved 1132544K
  class space    used 11957K, capacity 12794K, committed 12800K, reserved 1048576K
}
Event: 35.284 GC heap after
{Heap after GC invocations=51 (full 0):
 garbage-first heap   total 224256K, used 100591K [0x0000000080000000, 0x0000000100000000)
  region size 1024K, 9 young (9216K), 9 survivors (9216K)
 Metaspace       used 93532K, capacity 95706K, committed 95824K, reserved 1132544K
  class space    used 11957K, capacity 12794K, committed 12800K, reserved 1048576K
}
Event: 36.190 GC heap before
{Heap before GC invocations=51 (full 0):
 garbage-first heap   total 224256K, used 176367K [0x0000000080000000, 0x0000000100000000)
  region size 1024K, 84 young (86016K), 9 survivors (9216K)
 Metaspace       used 94076K, capacity 96352K, committed 96464K, reserved 1132544K
  class space    used 11996K, capacity 12882K, committed 12928K, reserved 1048576K
}
Event: 36.244 GC heap after
{Heap after GC invocations=52 (full 0):
 garbage-first heap   total 400384K, used 105844K [0x0000000080000000, 0x0000000100000000)
  region size 1024K, 8 young (8192K), 8 survivors (8192K)
 Metaspace       used 94076K, capacity 96352K, committed 96464K, reserved 1132544K
  class space    used 11996K, capacity 12882K, committed 12928K, reserved 1048576K
}
Event: 37.934 GC heap before
{Heap before GC invocations=52 (full 0):
 garbage-first heap   total 400384K, used 231796K [0x0000000080000000, 0x0000000100000000)
  region size 1024K, 132 young (135168K), 8 survivors (8192K)
 Metaspace       used 94840K, capacity 97136K, committed 97232K, reserved 1134592K
  class space    used 12066K, capacity 12925K, committed 12928K, reserved 1048576K
}
Event: 37.960 GC heap after
{Heap after GC invocations=53 (full 0):
 garbage-first heap   total 400384K, used 112935K [0x0000000080000000, 0x0000000100000000)
  region size 1024K, 15 young (15360K), 15 survivors (15360K)
 Metaspace       used 94840K, capacity 97136K, committed 97232K, reserved 1134592K
  class space    used 12066K, capacity 12925K, committed 12928K, reserved 1048576K
}
Event: 40.828 GC heap before
{Heap before GC invocations=53 (full 0):
 garbage-first heap   total 400384K, used 320807K [0x0000000080000000, 0x0000000100000000)
  region size 1024K, 219 young (224256K), 15 survivors (15360K)
 Metaspace       used 101205K, capacity 103471K, committed 103632K, reserved 1138688K
  class space    used 12819K, capacity 13684K, committed 13696K, reserved 1048576K
}
Event: 40.871 GC heap after
{Heap after GC invocations=54 (full 0):
 garbage-first heap   total 400384K, used 122809K [0x0000000080000000, 0x0000000100000000)
  region size 1024K, 24 young (24576K), 24 survivors (24576K)
 Metaspace       used 101205K, capacity 103471K, committed 103632K, reserved 1138688K
  class space    used 12819K, capacity 13684K, committed 13696K, reserved 1048576K
}
Event: 60.746 GC heap before
{Heap before GC invocations=54 (full 0):
 garbage-first heap   total 400384K, used 316345K [0x0000000080000000, 0x0000000100000000)
  region size 1024K, 214 young (219136K), 24 survivors (24576K)
 Metaspace       used 106043K, capacity 108510K, committed 108752K, reserved 1144832K
  class space    used 13176K, capacity 14147K, committed 14208K, reserved 1048576K
}
Event: 61.074 GC heap after
{Heap after GC invocations=55 (full 0):
 garbage-first heap   total 400384K, used 137208K [0x0000000080000000, 0x0000000100000000)
  region size 1024K, 27 young (27648K), 27 survivors (27648K)
 Metaspace       used 106043K, capacity 108510K, committed 108752K, reserved 1144832K
  class space    used 13176K, capacity 14147K, committed 14208K, reserved 1048576K
}
Event: 65.271 GC heap before
{Heap before GC invocations=55 (full 0):
 garbage-first heap   total 400384K, used 310264K [0x0000000080000000, 0x0000000100000000)
  region size 1024K, 196 young (200704K), 27 survivors (27648K)
 Metaspace       used 106998K, capacity 109653K, committed 109904K, reserved 1144832K
  class space    used 13234K, capacity 14248K, committed 14336K, reserved 1048576K
}
Event: 65.415 GC heap after
{Heap after GC invocations=56 (full 0):
 garbage-first heap   total 400384K, used 153425K [0x0000000080000000, 0x0000000100000000)
  region size 1024K, 16 young (16384K), 16 survivors (16384K)
 Metaspace       used 106998K, capacity 109653K, committed 109904K, reserved 1144832K
  class space    used 13234K, capacity 14248K, committed 14336K, reserved 1048576K
}

